INFO, 2021-03-30 13:59:23, Server started
INFO, 2021-04-02 09:08:49, Server shutdown
INFO, 2021-04-02 09:08:51, Server started
INFO, 2021-04-02 09:09:33, Server shutdown
INFO, 2021-04-02 09:09:34, Server started
INFO, 2021-04-02 09:10:48, Server shutdown
INFO, 2021-04-02 09:10:49, Server started
INFO, 2021-04-02 09:13:15, Server shutdown
INFO, 2021-04-02 09:13:17, Server started
INFO, 2021-04-02 09:13:33, Server shutdown
INFO, 2021-04-02 09:13:35, Server started
INFO, 2021-04-02 09:14:14, Server shutdown
INFO, 2021-04-02 09:14:15, Server started
INFO, 2021-04-02 09:23:10, Server shutdown
INFO, 2021-04-02 09:23:10, Server started
INFO, 2021-04-02 09:27:16, Server shutdown
INFO, 2021-04-02 09:27:18, Server started
INFO, 2021-04-02 09:28:15, Server shutdown
INFO, 2021-04-02 09:28:16, Server started
INFO, 2021-04-02 09:28:41, Server shutdown
INFO, 2021-04-02 09:29:05, Server started
INFO, 2021-04-02 12:21:05, Server shutdown
INFO, 2021-04-02 12:21:08, Server started
INFO, 2021-04-02 12:32:54, Server shutdown
INFO, 2021-04-02 12:32:55, Server started
INFO, 2021-04-02 13:22:18, Server shutdown
INFO, 2021-04-02 13:22:20, Server started
INFO, 2021-04-02 13:23:01, Server shutdown
INFO, 2021-04-02 13:23:02, Server started
INFO, 2021-04-02 13:23:31, Server shutdown
INFO, 2021-04-02 13:23:32, Server started
INFO, 2021-04-05 12:54:55, Server shutdown
INFO, 2021-04-05 12:54:56, Server started
INFO, 2021-04-05 12:57:31, Server shutdown
INFO, 2021-04-05 12:57:33, Server started
INFO, 2021-04-05 12:57:50, Server shutdown
INFO, 2021-04-05 12:57:56, Server started
INFO, 2021-04-05 12:58:27, Server shutdown
INFO, 2021-04-05 12:58:28, Server started
INFO, 2021-04-05 12:58:50, Server shutdown
INFO, 2021-04-05 12:58:52, Server started
INFO, 2021-04-05 12:59:42, Server shutdown
INFO, 2021-04-05 12:59:43, Server started
INFO, 2021-04-05 13:00:01, Server shutdown
INFO, 2021-04-05 13:00:37, Server started
INFO, 2021-04-05 13:02:11, Server shutdown
INFO, 2021-04-05 13:02:12, Server started
INFO, 2021-04-05 13:03:55, Server shutdown
INFO, 2021-04-05 13:03:57, Server started
INFO, 2021-04-05 13:05:59, Server shutdown
INFO, 2021-04-05 13:06:00, Server started
INFO, 2021-04-05 13:08:37, Server shutdown
INFO, 2021-04-05 13:08:38, Server started
INFO, 2021-04-05 13:11:00, Server shutdown
INFO, 2021-04-05 13:11:02, Server started
INFO, 2021-04-05 13:12:35, Server shutdown
INFO, 2021-04-05 13:12:37, Server started
INFO, 2021-04-05 13:13:01, Server shutdown
INFO, 2021-04-05 13:13:03, Server started
INFO, 2021-04-05 13:16:05, Server shutdown
INFO, 2021-04-05 13:16:07, Server started
INFO, 2021-04-05 13:19:11, Server shutdown
INFO, 2021-04-05 13:28:15, Server started
INFO, 2021-04-05 13:28:48, Server shutdown
INFO, 2021-04-05 13:28:50, Server started
INFO, 2021-04-06 16:36:02, Server shutdown
INFO, 2021-04-06 16:36:05, Server started
INFO, 2021-04-06 16:41:42, Server shutdown
INFO, 2021-04-06 16:41:43, Server started
INFO, 2021-04-06 16:50:46, Server shutdown
INFO, 2021-04-06 16:50:48, Server started
INFO, 2021-04-07 09:39:21, Server shutdown
INFO, 2021-04-07 09:39:24, Server started
INFO, 2021-04-16 14:15:33, Server shutdown
INFO, 2021-04-16 14:16:39, Server started
ERROR, 2021-04-16 14:16:39, "Traceback (most recent call last):<newline>  File 'CSS_control_server.py', line 731, in <module><newline>    loadDefaultConfiguration()<newline>  File 'CSS_control_server.py', line 607, in loadDefaultConfiguration<newline>    split = projector[key].split(',')<newline>NameError: name 'projector' is not defined<newline>"
INFO, 2021-04-16 14:17:23, Server started
INFO, 2021-04-16 14:19:18, Server shutdown
INFO, 2021-04-16 14:19:20, Server started
INFO, 2021-04-21 13:20:31, Server started
ERROR, 2021-04-21 13:22:41, GET for unexpected file /js/popper.min.js.map
ERROR, 2021-04-21 13:23:17, GET for unexpected file /js/popper.min.js.map
ERROR, 2021-04-21 13:23:30, GET for unexpected file /js/popper.min.js.map
INFO, 2021-04-21 13:28:11, Server shutdown
INFO, 2021-04-21 13:28:14, Server shutdown
INFO, 2021-04-21 13:28:18, Server started
ERROR, 2021-04-21 13:28:24, GET for unexpected file /js/popper.min.js.map
ERROR, 2021-04-21 13:28:58, GET for unexpected file /js/popper.min.js.map
ERROR, 2021-04-21 13:30:09, GET for unexpected file /js/popper.min.js.map
ERROR, 2021-04-21 13:34:51, GET for unexpected file /js/popper.min.js.map
ERROR, 2021-04-21 13:34:52, GET for unexpected file /js/popper.min.js.map
ERROR, 2021-04-21 13:35:07, GET for unexpected file /js/popper.min.js.map
ERROR, 2021-04-21 13:36:09, GET for unexpected file /js/popper.min.js.map
ERROR, 2021-04-21 13:36:25, GET for unexpected file /js/popper.min.js.map
ERROR, 2021-04-21 13:36:40, GET for unexpected file /js/popper.min.js.map
ERROR, 2021-04-21 13:36:45, GET for unexpected file /js/popper.min.js.map
ERROR, 2021-04-21 13:36:52, GET for unexpected file /js/popper.min.js.map
ERROR, 2021-04-21 13:37:06, GET for unexpected file /js/popper.min.js.map
ERROR, 2021-04-21 13:37:57, GET for unexpected file /js/popper.min.js.map
ERROR, 2021-04-21 13:38:01, GET for unexpected file /js/popper.min.js.map
ERROR, 2021-04-21 13:38:56, GET for unexpected file /js/popper.min.js.map
ERROR, 2021-04-21 13:39:12, GET for unexpected file /js/popper.min.js.map
ERROR, 2021-04-21 13:39:33, GET for unexpected file /js/popper.min.js.map
ERROR, 2021-04-21 13:39:47, GET for unexpected file /js/popper.min.js.map
ERROR, 2021-04-21 13:39:58, GET for unexpected file /js/popper.min.js.map
ERROR, 2021-04-21 13:40:12, GET for unexpected file /js/popper.min.js.map
ERROR, 2021-04-21 13:40:19, GET for unexpected file /js/popper.min.js.map
ERROR, 2021-04-21 13:40:34, GET for unexpected file /js/popper.min.js.map
ERROR, 2021-04-21 13:40:44, GET for unexpected file /js/popper.min.js.map
ERROR, 2021-04-21 13:40:53, GET for unexpected file /js/popper.min.js.map
ERROR, 2021-04-21 13:41:15, GET for unexpected file /js/popper.min.js.map
ERROR, 2021-04-21 13:41:17, GET for unexpected file /js/popper.min.js.map
ERROR, 2021-04-21 13:41:26, GET for unexpected file /js/popper.min.js.map
ERROR, 2021-04-21 13:41:37, GET for unexpected file /js/popper.min.js.map
ERROR, 2021-04-21 13:41:46, GET for unexpected file /js/popper.min.js.map
ERROR, 2021-04-21 13:42:03, GET for unexpected file /js/popper.min.js.map
ERROR, 2021-04-21 13:42:10, GET for unexpected file /js/popper.min.js.map
ERROR, 2021-04-21 13:42:26, GET for unexpected file /js/popper.min.js.map
ERROR, 2021-04-21 13:42:36, GET for unexpected file /js/popper.min.js.map
ERROR, 2021-04-26 09:35:58, GET for unexpected file /js/popper.min.js.map
ERROR, 2021-04-26 09:36:48, GET for unexpected file /js/popper.min.js.map
ERROR, 2021-04-26 09:37:08, GET for unexpected file /js/popper.min.js.map
ERROR, 2021-04-26 09:37:23, GET for unexpected file /js/popper.min.js.map
ERROR, 2021-04-26 09:37:37, GET for unexpected file /js/popper.min.js.map
ERROR, 2021-04-26 09:37:49, GET for unexpected file /js/popper.min.js.map
ERROR, 2021-04-26 09:38:08, GET for unexpected file /js/popper.min.js.map
ERROR, 2021-04-26 09:38:27, GET for unexpected file /js/popper.min.js.map
ERROR, 2021-04-26 09:38:52, GET for unexpected file /js/popper.min.js.map
ERROR, 2021-04-26 09:39:11, GET for unexpected file /js/popper.min.js.map
ERROR, 2021-04-26 14:58:44, GET for unexpected file /js/popper.min.js.map
ERROR, 2021-04-27 13:45:28, GET for unexpected file /js/popper.min.js.map
INFO, 2021-04-29 13:14:45, Server shutdown
INFO, 2021-04-29 13:14:46, Server shutdown
INFO, 2021-04-29 13:14:49, Server started
INFO, 2021-04-29 13:16:36, Server shutdown
INFO, 2021-04-29 13:16:36, Server shutdown
INFO, 2021-04-29 13:16:38, Server started
INFO, 2021-04-29 13:21:27, Server shutdown
INFO, 2021-04-29 13:21:28, Server shutdown
INFO, 2021-04-29 13:21:31, Server started
INFO, 2021-04-29 13:21:49, Server shutdown
INFO, 2021-04-29 13:23:58, Server started
INFO, 2021-04-29 13:24:09, Server shutdown
INFO, 2021-04-29 13:24:31, Server started
INFO, 2021-04-29 13:24:34, Server shutdown
INFO, 2021-04-29 13:24:57, Server started
INFO, 2021-04-29 13:25:11, Server shutdown
INFO, 2021-04-29 13:26:27, Server started
INFO, 2021-04-29 13:28:06, Server shutdown
INFO, 2021-04-29 13:28:07, Server started
INFO, 2021-04-29 13:31:25, Server shutdown
INFO, 2021-04-29 13:31:27, Server started
INFO, 2021-04-29 13:31:39, Server shutdown
INFO, 2021-04-29 13:32:04, Server started
INFO, 2021-04-29 13:32:08, Server shutdown
INFO, 2021-04-29 13:32:23, Server started
INFO, 2021-04-29 13:32:55, Server shutdown
INFO, 2021-04-29 13:33:48, Server started
INFO, 2021-04-29 13:34:26, Server shutdown
INFO, 2021-04-29 13:36:09, Server started
ERROR, 2021-04-29 13:36:48, GET for unexpected file /js/popper.min.js.map
ERROR, 2021-04-29 13:37:28, GET for unexpected file /js/popper.min.js.map
ERROR, 2021-04-29 13:40:48, GET for unexpected file /js/popper.min.js.map
ERROR, 2021-04-29 13:48:33, GET for unexpected file /js/popper.min.js.map
INFO, 2021-04-29 13:49:03, Server shutdown
INFO, 2021-04-29 13:49:06, Server started
ERROR, 2021-04-29 13:49:30, GET for unexpected file /js/popper.min.js.map
INFO, 2021-04-29 13:56:11, Server shutdown
INFO, 2021-04-29 13:56:13, Server started
INFO, 2021-04-29 13:57:02, Server shutdown
INFO, 2021-04-29 13:57:03, Server started
INFO, 2021-04-29 13:58:35, Server shutdown
INFO, 2021-04-29 13:58:37, Server started
ERROR, 2021-04-29 13:59:41, GET for unexpected file /js/popper.min.js.map
INFO, 2021-04-29 14:02:07, Server shutdown
INFO, 2021-04-29 14:02:09, Server started
INFO, 2021-04-29 14:10:20, Server shutdown
INFO, 2021-04-29 14:10:22, Server started
INFO, 2021-04-29 14:10:43, Server shutdown
INFO, 2021-04-29 14:13:31, Server started
ERROR, 2021-04-29 14:13:59, "Traceback (most recent call last):<newline>  File 'CSS_control_server.py', line 779, in <module><newline>    httpd.serve_forever()<newline>  File '/Library/Frameworks/Python.framework/Versions/3.7/lib/python3.7/socketserver.py', line 232, in serve_forever<newline>    ready = selector.select(poll_interval)<newline>  File '/Library/Frameworks/Python.framework/Versions/3.7/lib/python3.7/selectors.py', line 415, in select<newline>    fd_event_list = self._selector.poll(timeout)<newline>  File 'CSS_control_server.py', line 740, in quit_handler<newline>    pollingThreadDict[key].cancel()<newline>AttributeError: 'Thread' object has no attribute 'cancel'<newline>"
INFO, 2021-04-29 14:15:51, Server started
INFO, 2021-04-29 14:22:44, Server shutdown
INFO, 2021-04-29 14:22:47, Server started
INFO, 2021-04-29 14:23:15, Server shutdown
INFO, 2021-04-29 14:23:39, Server started
INFO, 2021-04-29 14:24:17, Server shutdown
INFO, 2021-04-29 14:24:19, Server started
INFO, 2021-04-29 14:24:44, Server shutdown
INFO, 2021-04-29 14:24:46, Server started
INFO, 2021-04-29 14:28:11, Server shutdown
INFO, 2021-04-29 14:28:12, Server started
INFO, 2021-04-29 14:29:00, Server shutdown
INFO, 2021-04-29 14:29:02, Server started
ERROR, 2021-04-29 14:29:17, GET for unexpected file /js/popper.min.js.map
INFO, 2021-04-29 14:29:52, Server shutdown
INFO, 2021-04-29 14:29:54, Server started
ERROR, 2021-04-29 14:30:06, GET for unexpected file /js/popper.min.js.map
INFO, 2021-04-29 14:32:48, Server shutdown
INFO, 2021-04-29 14:32:56, Server started
ERROR, 2021-04-29 14:33:11, GET for unexpected file /js/popper.min.js.map
ERROR, 2021-04-29 14:34:23, GET for unexpected file /js/popper.min.js.map
INFO, 2021-04-29 14:39:47, Server shutdown
INFO, 2021-04-29 14:39:49, Server started
ERROR, 2021-04-29 14:40:06, GET for unexpected file /js/popper.min.js.map
INFO, 2021-04-29 14:57:57, Server shutdown
INFO, 2021-04-29 14:57:59, Server started
ERROR, 2021-04-29 15:04:43, GET for unexpected file /js/popper.min.js.map
ERROR, 2021-04-29 15:19:33, GET for unexpected file /js/popper.min.js.map
ERROR, 2021-04-29 15:25:21, GET for unexpected file /js/popper.min.js.map
